2020-12-26 10:24:08 PaladinsAPI [[0;31mERROR[0m in API] DevId or AuthKey not specified!
2020-12-26 10:27:28 SmiteAPI [[0;31mERROR[0m in API] DevId or AuthKey not specified!
2020-12-26 11:39:52 SmiteAPI [[0;31mERROR[0m in API] DevId or AuthKey not specified!
2020-12-26 11:51:06 SmiteAPI [[0;31mERROR[0m in API] DevId or AuthKey not specified!
2020-12-26 11:52:04 SmiteAPI [[0;31mERROR[0m in API] DevId or AuthKey not specified!
2020-12-26 11:52:09 SmiteAPI [[0;31mERROR[0m in API] DevId or AuthKey not specified!
2020-12-26 11:52:50 SmiteAPI [[0;31mERROR[0m in API] DevId or AuthKey not specified!
2020-12-27 09:55:37 SmiteAPI [[0;31mERROR[0m in API] DevId or AuthKey not specified!
2020-12-27 09:57:01 SmiteAPI [[0;31mERROR[0m in API] DevId or AuthKey not specified!
2020-12-27 09:59:16 SmiteAPI [[0;31mERROR[0m in API] DevId or AuthKey not specified!
2020-12-27 10:03:03 SmiteAPI [[0;31mERROR[0m in API] DevId or AuthKey not specified!
2020-12-27 10:10:38 SmiteAPI [[0;31mERROR[0m in API] DevId or AuthKey not specified!
2020-12-27 10:12:56 SmiteAPI [[0;31mERROR[0m in API] DevId or AuthKey not specified!
2020-12-27 10:15:24 SmiteAPI [[0;31mERROR[0m in API] DevId or AuthKey not specified!
2020-12-27 10:19:52 SmiteAPI [[0;31mERROR[0m in API] DevId or AuthKey not specified!
2020-12-27 10:30:36 SmiteAPI [[0;31mERROR[0m in API] DevId or AuthKey not specified!
2020-12-27 10:31:12 SmiteAPI [[0;31mERROR[0m in API] DevId or AuthKey not specified!
2020-12-27 10:31:54 SmiteAPI [[0;31mERROR[0m in API] DevId or AuthKey not specified!
2020-12-27 10:33:29 SmiteAPI [[0;31mERROR[0m in API] DevId or AuthKey not specified!
2020-12-27 10:33:44 SmiteAPI [[0;31mERROR[0m in API] DevId or AuthKey not specified!
2020-12-27 13:46:07 PaladinsAPI [[0;34mDEBUG[0m in API] Approved: (Old session: None, new session: AADC452871B541ACABBAC8B31ACDE698)
2020-12-27 15:32:28 SmiteAPI [[0;34mDEBUG[0m in API] Invalid session id. (AADC452871B541ACABBAC8B31ACDE698)
2020-12-27 15:32:28 SmiteAPI [[0;34mDEBUG[0m in API] Approved: (Old session: AADC452871B541ACABBAC8B31ACDE698, new session: 10E7F16058DF4B8487C6BB3D1C5FED65)
2020-12-28 23:41:21 SmiteAPI [[0;34mDEBUG[0m in API] Invalid session id. (10E7F16058DF4B8487C6BB3D1C5FED65)
2020-12-28 23:41:21 SmiteAPI [[0;34mDEBUG[0m in API] Approved: (Old session: 10E7F16058DF4B8487C6BB3D1C5FED65, new session: 0D1242A7600A43A48691C1EB2E84EE2B)
2020-12-29 17:54:47 SmiteAPI [[0;34mDEBUG[0m in API] Invalid session id. (0D1242A7600A43A48691C1EB2E84EE2B)
2020-12-29 17:54:48 SmiteAPI [[0;34mDEBUG[0m in API] Approved: (Old session: 0D1242A7600A43A48691C1EB2E84EE2B, new session: 8A234E9EF97845F79A78135A9673A4A2)
